2020-10-10 10:39:51 -Starting BootdoApplication on DESKTOP-Q2BGQHJ with PID 3688 (E:\LIUDIAOWENJAIUN\liudiaowenjuan-portal\target\classes started by EDZ in E:\LIUDIAOWENJAIUN\liudiaowenjuan-portal)
2020-10-10 10:39:51 -The following profiles are active: dev
2020-10-10 10:39:51 -HV000001: Hibernate Validator 5.3.6.Final
2020-10-10 10:39:52 -Refreshing org.springframework.boot.context.embedded.AnnotationConfigEmbeddedWebApplicationContext@7d4f9aae: startup date [Sat Oct 10 10:39:52 CST 2020]; root of context hierarchy
2020-10-10 10:39:55 -Multiple Spring Data modules found, entering strict repository configuration mode!
2020-10-10 10:39:56 -Bean 'org.springframework.transaction.annotation.ProxyTransactionManagementConfiguration' of type [org.springframework.transaction.annotation.ProxyTransactionManagementConfiguration$$EnhancerBySpringCGLIB$$26c31227] is not eligible for getting processed by all BeanPostProcessors (for example: not eligible for auto-proxying)
2020-10-10 10:39:56 -Bean 'shiroConfig' of type [com.liudiaowenjuan.system.config.ShiroConfig$$EnhancerBySpringCGLIB$$ffc4b47e] is not eligible for getting processed by all BeanPostProcessors (for example: not eligible for auto-proxying)
2020-10-10 10:39:57 -Bean 'userRealm' of type [com.liudiaowenjuan.system.shiro.UserRealm] is not eligible for getting processed by all BeanPostProcessors (for example: not eligible for auto-proxying)
2020-10-10 10:39:57 -Bean 'ehCacheManager' of type [org.apache.shiro.cache.ehcache.EhCacheManager] is not eligible for getting processed by all BeanPostProcessors (for example: not eligible for auto-proxying)
2020-10-10 10:39:57 -Cache with name 'com.liudiaowenjuan.system.shiro.UserRealm.authorizationCache' does not yet exist.  Creating now.
2020-10-10 10:39:57 -Added EhCache named [com.liudiaowenjuan.system.shiro.UserRealm.authorizationCache]
2020-10-10 10:39:57 -Bean 'sessionDAO' of type [org.apache.shiro.session.mgt.eis.MemorySessionDAO] is not eligible for getting processed by all BeanPostProcessors (for example: not eligible for auto-proxying)
2020-10-10 10:39:58 -Bean 'sessionManager' of type [org.apache.shiro.web.session.mgt.DefaultWebSessionManager] is not eligible for getting processed by all BeanPostProcessors (for example: not eligible for auto-proxying)
2020-10-10 10:39:58 -Bean 'securityManager' of type [org.apache.shiro.web.mgt.DefaultWebSecurityManager] is not eligible for getting processed by all BeanPostProcessors (for example: not eligible for auto-proxying)
2020-10-10 10:39:58 -Bean 'authorizationAttributeSourceAdvisor' of type [org.apache.shiro.spring.security.interceptor.AuthorizationAttributeSourceAdvisor] is not eligible for getting processed by all BeanPostProcessors (for example: not eligible for auto-proxying)
2020-10-10 10:39:58 -Tomcat initialized with port(s): 8087 (http)
2020-10-10 10:39:58 -Starting service [Tomcat]
2020-10-10 10:39:58 -Starting Servlet Engine: Apache Tomcat/8.5.23
2020-10-10 10:39:59 -Initializing Spring embedded WebApplicationContext
2020-10-10 10:39:59 -Root WebApplicationContext: initialization completed in 6901 ms
2020-10-10 10:39:59 -Mapping filter: 'characterEncodingFilter' to: [/*]
2020-10-10 10:39:59 -Mapping filter: 'hiddenHttpMethodFilter' to: [/*]
2020-10-10 10:39:59 -Mapping filter: 'httpPutFormContentFilter' to: [/*]
2020-10-10 10:39:59 -Mapping filter: 'requestContextFilter' to: [/*]
2020-10-10 10:39:59 -Mapping filter: 'springSecurityFilterChain' to: [/*]
2020-10-10 10:39:59 -Filter xssFilter was not registered (disabled)
2020-10-10 10:39:59 -Mapping filter: 'webStatFilter' to urls: [/*]
2020-10-10 10:39:59 -Mapping filter: 'com.liudiaowenjuan.system.filter.CorsFilter' to: [/*]
2020-10-10 10:39:59 -Mapping filter: 'remoteIpFilter' to: [/*]
2020-10-10 10:39:59 -Mapping filter: 'shiroFilterFactoryBean' to: [/*]
2020-10-10 10:39:59 -Mapping servlet: 'statViewServlet' to [/druid/*]
2020-10-10 10:39:59 -Mapping servlet: 'dispatcherServlet' to [/]
2020-10-10 10:40:00 -{dataSource-1} inited
2020-10-10 10:40:01 -Using default implementation for ThreadExecutor
2020-10-10 10:40:01 -Initialized Scheduler Signaller of type: class org.quartz.core.SchedulerSignalerImpl
2020-10-10 10:40:01 -Quartz Scheduler v.2.2.1 created.
2020-10-10 10:40:01 -RAMJobStore initialized.
2020-10-10 10:40:01 -Scheduler meta-data: Quartz Scheduler (v2.2.1) 'schedulerFactoryBean' with instanceId 'NON_CLUSTERED'
  Scheduler class: 'org.quartz.core.QuartzScheduler' - running locally.
  NOT STARTED.
  Currently in standby mode.
  Number of jobs executed: 0
  Using thread pool 'org.quartz.simpl.SimpleThreadPool' - with 10 threads.
  Using job-store 'org.quartz.simpl.RAMJobStore' - which does not support persistence. and is not clustered.

2020-10-10 10:40:01 -Quartz scheduler 'schedulerFactoryBean' initialized from an externally provided properties instance.
2020-10-10 10:40:01 -Quartz scheduler version: 2.2.1
2020-10-10 10:40:01 -JobFactory set to: com.liudiaowenjuan.common.quartz.factory.JobFactory@2416c658
2020-10-10 10:40:02 -Mapped "{[/common/dict/add],methods=[GET]}" onto java.lang.String com.liudiaowenjuan.common.controller.DictController.add()
2020-10-10 10:40:02 -Mapped "{[/common/dict/remove],methods=[POST]}" onto public com.liudiaowenjuan.common.utils.R com.liudiaowenjuan.common.controller.DictController.remove(java.lang.Long)
2020-10-10 10:40:02 -Mapped "{[/common/dict/batchRemove],methods=[POST]}" onto public com.liudiaowenjuan.common.utils.R com.liudiaowenjuan.common.controller.DictController.remove(java.lang.Long[])
2020-10-10 10:40:02 -Mapped "{[/common/dict/update]}" onto public com.liudiaowenjuan.common.utils.R com.liudiaowenjuan.common.controller.DictController.update(com.liudiaowenjuan.common.domain.DictDO)
2020-10-10 10:40:02 -Mapped "{[/common/dict/list],methods=[GET]}" onto public com.liudiaowenjuan.common.utils.PageUtils com.liudiaowenjuan.common.controller.DictController.list(java.util.Map<java.lang.String, java.lang.Object>)
2020-10-10 10:40:02 -Mapped "{[/common/dict/save],methods=[POST]}" onto public com.liudiaowenjuan.common.utils.R com.liudiaowenjuan.common.controller.DictController.save(com.liudiaowenjuan.common.domain.DictDO)
2020-10-10 10:40:02 -Mapped "{[/common/dict/type],methods=[GET]}" onto public java.util.List<com.liudiaowenjuan.common.domain.DictDO> com.liudiaowenjuan.common.controller.DictController.listType()
2020-10-10 10:40:02 -Mapped "{[/common/dict/edit/{id}],methods=[GET]}" onto java.lang.String com.liudiaowenjuan.common.controller.DictController.edit(java.lang.Long,org.springframework.ui.Model)
2020-10-10 10:40:02 -Mapped "{[/common/dict/list/{type}],methods=[GET]}" onto public java.util.List<com.liudiaowenjuan.common.domain.DictDO> com.liudiaowenjuan.common.controller.DictController.listByType(java.lang.String)
2020-10-10 10:40:02 -Mapped "{[/common/dict],methods=[GET]}" onto java.lang.String com.liudiaowenjuan.common.controller.DictController.dict()
2020-10-10 10:40:02 -Mapped "{[/common/dict/add/{type}/{description}],methods=[GET]}" onto java.lang.String com.liudiaowenjuan.common.controller.DictController.addD(org.springframework.ui.Model,java.lang.String,java.lang.String)
2020-10-10 10:40:02 -Mapped "{[/common/sysFile/add],methods=[GET]}" onto java.lang.String com.liudiaowenjuan.common.controller.FileController.add()
2020-10-10 10:40:02 -Mapped "{[/common/sysFile/remove],methods=[POST]}" onto public com.liudiaowenjuan.common.utils.R com.liudiaowenjuan.common.controller.FileController.remove(java.lang.Long,javax.servlet.http.HttpServletRequest)
2020-10-10 10:40:02 -Mapped "{[/common/sysFile/batchRemove],methods=[POST]}" onto public com.liudiaowenjuan.common.utils.R com.liudiaowenjuan.common.controller.FileController.remove(java.lang.Long[])
2020-10-10 10:40:02 -Mapped "{[/common/sysFile/update]}" onto public com.liudiaowenjuan.common.utils.R com.liudiaowenjuan.common.controller.FileController.update(com.liudiaowenjuan.common.domain.FileDO)
2020-10-10 10:40:02 -Mapped "{[/common/sysFile/list],methods=[GET]}" onto public com.liudiaowenjuan.common.utils.PageUtils com.liudiaowenjuan.common.controller.FileController.list(java.util.Map<java.lang.String, java.lang.Object>)
2020-10-10 10:40:02 -Mapped "{[/common/sysFile/save],methods=[POST]}" onto public com.liudiaowenjuan.common.utils.R com.liudiaowenjuan.common.controller.FileController.save(com.liudiaowenjuan.common.domain.FileDO)
2020-10-10 10:40:02 -Mapped "{[/common/sysFile/info/{id}]}" onto public com.liudiaowenjuan.common.utils.R com.liudiaowenjuan.common.controller.FileController.info(java.lang.Long)
2020-10-10 10:40:02 -Mapped "{[/common/sysFile/edit],methods=[GET]}" onto java.lang.String com.liudiaowenjuan.common.controller.FileController.edit(java.lang.Long,org.springframework.ui.Model)
2020-10-10 10:40:02 -Mapped "{[/common/sysFile/upload],methods=[POST]}" onto com.liudiaowenjuan.common.utils.R com.liudiaowenjuan.common.controller.FileController.upload(org.springframework.web.multipart.MultipartFile,javax.servlet.http.HttpServletRequest)
2020-10-10 10:40:02 -Mapped "{[/common/sysFile],methods=[GET]}" onto java.lang.String com.liudiaowenjuan.common.controller.FileController.sysFile(org.springframework.ui.Model)
2020-10-10 10:40:02 -Mapped "{[/common/generator/update],methods=[POST]}" onto com.liudiaowenjuan.common.utils.R com.liudiaowenjuan.common.controller.GeneratorController.update(java.util.Map<java.lang.String, java.lang.Object>)
2020-10-10 10:40:02 -Mapped "{[/common/generator/list],methods=[GET]}" onto java.util.List<java.util.Map<java.lang.String, java.lang.Object>> com.liudiaowenjuan.common.controller.GeneratorController.list()
2020-10-10 10:40:02 -Mapped "{[/common/generator/code/{tableName}]}" onto public void com.liudiaowenjuan.common.controller.GeneratorController.code(javax.servlet.http.HttpServletRequest,javax.servlet.http.HttpServletResponse,java.lang.String) throws java.io.IOException
2020-10-10 10:40:02 -Mapped "{[/common/generator],methods=[GET]}" onto java.lang.String com.liudiaowenjuan.common.controller.GeneratorController.generator()
2020-10-10 10:40:02 -Mapped "{[/common/generator/edit],methods=[GET]}" onto public java.lang.String com.liudiaowenjuan.common.controller.GeneratorController.edit(org.springframework.ui.Model)
2020-10-10 10:40:02 -Mapped "{[/common/generator/batchCode]}" onto public void com.liudiaowenjuan.common.controller.GeneratorController.batchCode(javax.servlet.http.HttpServletRequest,javax.servlet.http.HttpServletResponse,java.lang.String) throws java.io.IOException
2020-10-10 10:40:02 -Mapped "{[/common/job/add],methods=[GET]}" onto java.lang.String com.liudiaowenjuan.common.controller.JobController.add()
2020-10-10 10:40:02 -Mapped "{[/common/job/remove],methods=[POST]}" onto public com.liudiaowenjuan.common.utils.R com.liudiaowenjuan.common.controller.JobController.remove(java.lang.Long)
2020-10-10 10:40:02 -Mapped "{[/common/job/batchRemove],methods=[POST]}" onto public com.liudiaowenjuan.common.utils.R com.liudiaowenjuan.common.controller.JobController.remove(java.lang.Long[])
2020-10-10 10:40:02 -Mapped "{[/common/job/update],methods=[POST]}" onto public com.liudiaowenjuan.common.utils.R com.liudiaowenjuan.common.controller.JobController.update(com.liudiaowenjuan.common.domain.TaskDO)
2020-10-10 10:40:02 -Mapped "{[/common/job/list],methods=[GET]}" onto public com.liudiaowenjuan.common.utils.PageUtils com.liudiaowenjuan.common.controller.JobController.list(java.util.Map<java.lang.String, java.lang.Object>)
2020-10-10 10:40:02 -Mapped "{[/common/job/save],methods=[POST]}" onto public com.liudiaowenjuan.common.utils.R com.liudiaowenjuan.common.controller.JobController.save(com.liudiaowenjuan.common.domain.TaskDO)
2020-10-10 10:40:02 -Mapped "{[/common/job/info/{id}]}" onto public com.liudiaowenjuan.common.utils.R com.liudiaowenjuan.common.controller.JobController.info(java.lang.Long)
2020-10-10 10:40:02 -Mapped "{[/common/job/edit/{id}],methods=[GET]}" onto java.lang.String com.liudiaowenjuan.common.controller.JobController.edit(java.lang.Long,org.springframework.ui.Model)
2020-10-10 10:40:02 -Mapped "{[/common/job],methods=[GET]}" onto java.lang.String com.liudiaowenjuan.common.controller.JobController.taskScheduleJob()
2020-10-10 10:40:02 -Mapped "{[/common/job/changeJobStatus],methods=[POST]}" onto public com.liudiaowenjuan.common.utils.R com.liudiaowenjuan.common.controller.JobController.changeJobStatus(java.lang.Long,java.lang.String)
2020-10-10 10:40:02 -Mapped "{[/common/log/remove],methods=[POST]}" onto com.liudiaowenjuan.common.utils.R com.liudiaowenjuan.common.controller.LogController.remove(java.lang.Long)
2020-10-10 10:40:02 -Mapped "{[/common/log],methods=[GET]}" onto java.lang.String com.liudiaowenjuan.common.controller.LogController.log()
2020-10-10 10:40:02 -Mapped "{[/common/log/list],methods=[GET]}" onto com.liudiaowenjuan.common.domain.PageDO<com.liudiaowenjuan.common.domain.LogDO> com.liudiaowenjuan.common.controller.LogController.list(java.util.Map<java.lang.String, java.lang.Object>)
2020-10-10 10:40:02 -Mapped "{[/common/log/batchRemove],methods=[POST]}" onto com.liudiaowenjuan.common.utils.R com.liudiaowenjuan.common.controller.LogController.batchRemove(java.lang.Long[])
2020-10-10 10:40:02 -Mapped "{[/error]}" onto public com.liudiaowenjuan.common.utils.R com.liudiaowenjuan.common.exception.MainsiteErrorController.handleError(javax.servlet.http.HttpServletRequest,javax.servlet.http.HttpServletResponse)
2020-10-10 10:40:02 -Mapped "{[/error],produces=[text/html]}" onto public org.springframework.web.servlet.ModelAndView com.liudiaowenjuan.common.exception.MainsiteErrorController.errorHtml(javax.servlet.http.HttpServletRequest,javax.servlet.http.HttpServletResponse)
2020-10-10 10:40:02 -Mapped "{[/index],methods=[GET]}" onto java.lang.String com.liudiaowenjuan.information.controller.indexController.index(org.springframework.ui.Model)
2020-10-10 10:40:02 -Mapped "{[/wenjuan/shouye],methods=[GET]}" onto java.lang.String com.liudiaowenjuan.information.controller.indexController.shouye(org.springframework.ui.Model,java.lang.Integer)
2020-10-10 10:40:02 -Mapped "{[/shaichawenjuan/jiazai],methods=[GET]}" onto java.lang.String com.liudiaowenjuan.information.controller.indexController.jiazai()
2020-10-10 10:40:02 -Mapped "{[/querywenjuan/chanpinDetails],methods=[GET]}" onto java.util.List<com.liudiaowenjuan.information.domain.ZhongyiDetailsDO> com.liudiaowenjuan.information.controller.indexController.chanpinDetails(java.lang.Integer)
2020-10-10 10:40:02 -Mapped "{[/querywenjuan/titleDetails],methods=[GET]}" onto java.util.List<com.liudiaowenjuan.information.domain.ZhongyiTitleChooseDO> com.liudiaowenjuan.information.controller.indexController.titleDetails(java.lang.Integer)
2020-10-10 10:40:02 -Mapped "{[/wenjian/kaishidati],methods=[GET]}" onto java.lang.String com.liudiaowenjuan.information.controller.indexController.kaishidati(org.springframework.ui.Model,java.lang.Integer,java.lang.String,java.lang.String,java.lang.String,java.lang.String,java.lang.String,java.lang.String,java.lang.String,java.lang.Integer,java.lang.Double,java.lang.Double)
2020-10-10 10:40:02 -Mapped "{[/shaichawenjuan/tijiaochenggong],methods=[GET]}" onto java.lang.String com.liudiaowenjuan.information.controller.indexController.chenggong()
2020-10-10 10:40:02 -Mapped "{[/wenjian/timuxiangq],methods=[GET]}" onto java.util.List<java.util.Map<java.lang.String, java.lang.Object>> com.liudiaowenjuan.information.controller.indexController.timuxiangq(java.lang.Integer)
2020-10-10 10:40:02 -Mapped "{[/save/datishuju],methods=[POST]}" onto java.util.Map<java.lang.String, java.lang.Object> com.liudiaowenjuan.information.controller.indexController.datishuju(com.liudiaowenjuan.information.domain.ZhongyiRecordListDO)
2020-10-10 10:40:02 -Mapped "{[/register],methods=[POST]}" onto java.util.Map<java.lang.String, java.lang.String> com.liudiaowenjuan.owneruser.controller.LoginController.register(java.lang.String,java.lang.String,java.lang.String)
2020-10-10 10:40:02 -Mapped "{[/loginP],methods=[POST]}" onto java.util.Map<java.lang.String, java.lang.Object> com.liudiaowenjuan.owneruser.controller.LoginController.loginP(java.lang.String,java.lang.String)
2020-10-10 10:40:02 -Mapped "{[/logout],methods=[GET]}" onto java.util.Map<java.lang.String, java.lang.String> com.liudiaowenjuan.owneruser.controller.LoginController.logout()
2020-10-10 10:40:02 -Mapped "{[/captcha],methods=[GET]}" onto static java.util.Map<java.lang.String, java.lang.String> com.liudiaowenjuan.owneruser.controller.LoginController.getSms(java.lang.String,java.lang.String)
2020-10-10 10:40:02 -Mapped "{[/loginC],methods=[POST]}" onto java.util.Map<java.lang.String, java.lang.Object> com.liudiaowenjuan.owneruser.controller.LoginController.loginC(java.lang.String,java.lang.String)
2020-10-10 10:40:02 -Mapped "{[/sys/online/list]}" onto public java.util.List<com.liudiaowenjuan.system.domain.UserOnline> com.liudiaowenjuan.system.controller.SessionController.list()
2020-10-10 10:40:02 -Mapped "{[/sys/online/sessionList]}" onto public java.util.Collection<org.apache.shiro.session.Session> com.liudiaowenjuan.system.controller.SessionController.sessionList()
2020-10-10 10:40:02 -Mapped "{[/sys/online/forceLogout/{sessionId}]}" onto public com.liudiaowenjuan.common.utils.R com.liudiaowenjuan.system.controller.SessionController.forceLogout(java.lang.String,org.springframework.web.servlet.mvc.support.RedirectAttributes)
2020-10-10 10:40:02 -Mapped "{[/sys/online],methods=[GET]}" onto public java.lang.String com.liudiaowenjuan.system.controller.SessionController.online()
2020-10-10 10:40:02 -Mapped "{[/v2/api-docs],methods=[GET],produces=[application/json || application/hal+json]}" onto public org.springframework.http.ResponseEntity<springfox.documentation.spring.web.json.Json> springfox.documentation.swagger2.web.Swagger2Controller.getDocumentation(java.lang.String,javax.servlet.http.HttpServletRequest)
2020-10-10 10:40:02 -Mapped "{[/swagger-resources/configuration/ui]}" onto org.springframework.http.ResponseEntity<springfox.documentation.swagger.web.UiConfiguration> springfox.documentation.swagger.web.ApiResourceController.uiConfiguration()
2020-10-10 10:40:02 -Mapped "{[/swagger-resources]}" onto org.springframework.http.ResponseEntity<java.util.List<springfox.documentation.swagger.web.SwaggerResource>> springfox.documentation.swagger.web.ApiResourceController.swaggerResources()
2020-10-10 10:40:02 -Mapped "{[/swagger-resources/configuration/security]}" onto org.springframework.http.ResponseEntity<springfox.documentation.swagger.web.SecurityConfiguration> springfox.documentation.swagger.web.ApiResourceController.securityConfiguration()
2020-10-10 10:40:02 -Looking for @ControllerAdvice: org.springframework.boot.context.embedded.AnnotationConfigEmbeddedWebApplicationContext@7d4f9aae: startup date [Sat Oct 10 10:39:52 CST 2020]; root of context hierarchy
2020-10-10 10:40:02 -Mapped URL path [/files/**] onto handler of type [class org.springframework.web.servlet.resource.ResourceHttpRequestHandler]
2020-10-10 10:40:02 -Mapped URL path [/webjars/**] onto handler of type [class org.springframework.web.servlet.resource.ResourceHttpRequestHandler]
2020-10-10 10:40:02 -Mapped URL path [/**] onto handler of type [class org.springframework.web.servlet.resource.ResourceHttpRequestHandler]
2020-10-10 10:40:02 -Detected @ExceptionHandler methods in BDExceptionHandler
2020-10-10 10:40:02 -Mapped URL path [/**/favicon.ico] onto handler of type [class org.springframework.web.servlet.resource.ResourceHttpRequestHandler]
2020-10-10 10:40:04 -

Using default security password: bc26cd4a-dbdb-4e0b-b0ac-fc4801374016

2020-10-10 10:40:04 -Creating filter chain: OrRequestMatcher [requestMatchers=[Ant [pattern='/css/**'], Ant [pattern='/js/**'], Ant [pattern='/images/**'], Ant [pattern='/webjars/**'], Ant [pattern='/**/favicon.ico'], Ant [pattern='/error']]], []
2020-10-10 10:40:04 -Creating filter chain: org.springframework.boot.autoconfigure.security.SpringBootWebSecurityConfiguration$ApplicationNoWebSecurityConfigurerAdapter$1@4f6fd101, [org.springframework.security.web.context.request.async.WebAsyncManagerIntegrationFilter@106459d9, org.springframework.security.web.context.SecurityContextPersistenceFilter@4e2824b1, org.springframework.security.web.header.HeaderWriterFilter@6200b644, org.springframework.security.web.csrf.CsrfFilter@1e6cb932, org.springframework.security.web.authentication.logout.LogoutFilter@32d22650, org.springframework.security.web.savedrequest.RequestCacheAwareFilter@7d18338b, org.springframework.security.web.servletapi.SecurityContextHolderAwareRequestFilter@19ec5357, org.springframework.security.web.authentication.AnonymousAuthenticationFilter@33a71d23, org.springframework.security.web.session.SessionManagementFilter@3c64339f, org.springframework.security.web.access.ExceptionTranslationFilter@5996d6f2]
2020-10-10 10:40:04 -Registering beans for JMX exposure on startup
2020-10-10 10:40:04 -Bean with name 'dataSource' has been autodetected for JMX exposure
2020-10-10 10:40:04 -Located MBean 'dataSource': registering with JMX server as MBean [com.alibaba.druid.pool:name=dataSource,type=DruidDataSource]
2020-10-10 10:40:04 -Starting beans in phase 2147483647
2020-10-10 10:40:04 -Context refreshed
2020-10-10 10:40:04 -Found 1 custom documentation plugin(s)
2020-10-10 10:40:04 -Scanning for api listing references
2020-10-10 10:40:04 -Generating unique operation named: removeUsingPOST_1
2020-10-10 10:40:04 -Generating unique operation named: addUsingGET_1
2020-10-10 10:40:04 -Generating unique operation named: editUsingGET_1
2020-10-10 10:40:04 -Generating unique operation named: listUsingGET_1
2020-10-10 10:40:04 -Generating unique operation named: removeUsingPOST_2
2020-10-10 10:40:04 -Generating unique operation named: removeUsingPOST_3
2020-10-10 10:40:04 -Generating unique operation named: saveUsingPOST_1
2020-10-10 10:40:04 -Generating unique operation named: updateUsingGET_1
2020-10-10 10:40:04 -Generating unique operation named: updateUsingHEAD_1
2020-10-10 10:40:04 -Generating unique operation named: updateUsingPOST_1
2020-10-10 10:40:04 -Generating unique operation named: updateUsingPUT_1
2020-10-10 10:40:04 -Generating unique operation named: updateUsingPATCH_1
2020-10-10 10:40:04 -Generating unique operation named: updateUsingDELETE_1
2020-10-10 10:40:04 -Generating unique operation named: updateUsingOPTIONS_1
2020-10-10 10:40:04 -Generating unique operation named: updateUsingTRACE_1
2020-10-10 10:40:04 -Generating unique operation named: editUsingGET_2
2020-10-10 10:40:04 -Generating unique operation named: listUsingGET_2
2020-10-10 10:40:04 -Generating unique operation named: updateUsingPOST_2
2020-10-10 10:40:04 -Generating unique operation named: addUsingGET_2
2020-10-10 10:40:04 -Generating unique operation named: editUsingGET_3
2020-10-10 10:40:04 -Generating unique operation named: infoUsingGET_1
2020-10-10 10:40:04 -Generating unique operation named: infoUsingHEAD_1
2020-10-10 10:40:04 -Generating unique operation named: infoUsingPOST_1
2020-10-10 10:40:04 -Generating unique operation named: infoUsingPUT_1
2020-10-10 10:40:04 -Generating unique operation named: infoUsingPATCH_1
2020-10-10 10:40:04 -Generating unique operation named: infoUsingDELETE_1
2020-10-10 10:40:04 -Generating unique operation named: infoUsingOPTIONS_1
2020-10-10 10:40:04 -Generating unique operation named: infoUsingTRACE_1
2020-10-10 10:40:04 -Generating unique operation named: listUsingGET_3
2020-10-10 10:40:04 -Generating unique operation named: removeUsingPOST_4
2020-10-10 10:40:04 -Generating unique operation named: removeUsingPOST_5
2020-10-10 10:40:04 -Generating unique operation named: saveUsingPOST_2
2020-10-10 10:40:04 -Generating unique operation named: updateUsingPOST_3
2020-10-10 10:40:04 -Generating unique operation named: listUsingGET_4
2020-10-10 10:40:04 -Generating unique operation named: removeUsingPOST_6
2020-10-10 10:40:04 -Generating unique operation named: listUsingGET_5
2020-10-10 10:40:04 -Starting Quartz Scheduler now
2020-10-10 10:40:04 -Scheduler schedulerFactoryBean_$_NON_CLUSTERED started.
2020-10-10 10:40:04 -Initializing ProtocolHandler ["http-nio-8087"]
2020-10-10 10:40:05 -Starting ProtocolHandler ["http-nio-8087"]
2020-10-10 10:40:05 -Using a shared selector for servlet write/read
2020-10-10 10:40:05 -Tomcat started on port(s): 8087 (http)
2020-10-10 10:40:05 -Started BootdoApplication in 14.534 seconds (JVM running for 18.58)
2020-10-10 10:43:09 -Initializing Spring FrameworkServlet 'dispatcherServlet'
2020-10-10 10:43:09 -FrameworkServlet 'dispatcherServlet': initialization started
2020-10-10 10:43:09 -FrameworkServlet 'dispatcherServlet': initialization completed in 37 ms
2020-10-10 10:43:09 -Enabling session validation scheduler...
2020-10-10 10:43:09 -请求地址 : http://localhost:8087/index
2020-10-10 10:43:09 -HTTP METHOD : GET
2020-10-10 10:43:09 -CLASS_METHOD : com.liudiaowenjuan.information.controller.indexController.index
2020-10-10 10:43:09 -参数 : [{}]
2020-10-10 10:43:10 -耗时 : 121
2020-10-10 10:43:10 -[THYMELEAF] INITIALIZING TEMPLATE ENGINE
2020-10-10 10:43:10 -[THYMELEAF] INITIALIZING TEMPLATE RESOLVER: org.thymeleaf.spring4.templateresolver.SpringResourceTemplateResolver
2020-10-10 10:43:10 -[THYMELEAF] TEMPLATE RESOLVER INITIALIZED OK
2020-10-10 10:43:10 -[THYMELEAF] INITIALIZING MESSAGE RESOLVER: org.thymeleaf.spring4.messageresolver.SpringMessageResolver
2020-10-10 10:43:10 -[THYMELEAF] MESSAGE RESOLVER INITIALIZED OK
2020-10-10 10:43:10 -[THYMELEAF] TEMPLATE ENGINE CONFIGURATION:
[THYMELEAF] * Cache Factory implementation: org.thymeleaf.cache.StandardCacheManager
[THYMELEAF] * Template modes:
[THYMELEAF]     * HTML5
[THYMELEAF]     * VALIDXML
[THYMELEAF]     * XHTML
[THYMELEAF]     * LEGACYHTML5
[THYMELEAF]     * XML
[THYMELEAF]     * VALIDXHTML
[THYMELEAF] * Template resolvers (in order):
[THYMELEAF]     * org.thymeleaf.spring4.templateresolver.SpringResourceTemplateResolver
[THYMELEAF] * Message resolvers (in order):
[THYMELEAF]     * org.thymeleaf.spring4.messageresolver.SpringMessageResolver
[THYMELEAF] * Dialect [1 of 3]: org.thymeleaf.spring4.dialect.SpringStandardDialect
[THYMELEAF]     * Prefix: "th"
[THYMELEAF] * Dialect [2 of 3]: at.pollux.thymeleaf.shiro.dialect.ShiroDialect
[THYMELEAF]     * Prefix: "shiro"
[THYMELEAF] * Dialect [3 of 3]: nz.net.ultraq.thymeleaf.LayoutDialect
[THYMELEAF]     * Prefix: "layout"
[THYMELEAF] TEMPLATE ENGINE CONFIGURED OK
2020-10-10 10:43:10 -[THYMELEAF] TEMPLATE ENGINE INITIALIZED
2020-10-10 10:43:18 -请求地址 : http://localhost:8087/wenjuan/shouye
2020-10-10 10:43:18 -HTTP METHOD : GET
2020-10-10 10:43:18 -CLASS_METHOD : com.liudiaowenjuan.information.controller.indexController.shouye
2020-10-10 10:43:18 -参数 : [{}, 2]
2020-10-10 10:43:18 -耗时 : 1
2020-10-10 10:44:32 -请求地址 : http://localhost:8087/wenjian/kaishidati
2020-10-10 10:44:32 -HTTP METHOD : GET
2020-10-10 10:44:32 -CLASS_METHOD : com.liudiaowenjuan.information.controller.indexController.kaishidati
2020-10-10 10:44:32 -参数 : [{}, 2, 邹营, 370983198601021377, 13964193900, 山东省济南市, 山东, 山东, 3, null, null, null]
2020-10-10 10:44:32 -耗时 : 77
2020-10-10 10:44:32 -请求地址 : http://localhost:8087/wenjian/timuxiangq
2020-10-10 10:44:32 -HTTP METHOD : GET
2020-10-10 10:44:32 -CLASS_METHOD : com.liudiaowenjuan.information.controller.indexController.timuxiangq
2020-10-10 10:44:32 -参数 : [2]
2020-10-10 10:44:35 -耗时 : 2625
2020-10-10 11:43:10 -Validating all active sessions...
2020-10-10 11:43:11 -Finished session validation.  No sessions were stopped.
2020-10-10 12:43:09 -Validating all active sessions...
2020-10-10 12:43:09 -Finished session validation.  No sessions were stopped.
2020-10-10 13:43:09 -Validating all active sessions...
2020-10-10 13:43:09 -Finished session validation.  No sessions were stopped.
2020-10-10 14:43:09 -Validating all active sessions...
2020-10-10 14:43:09 -Finished session validation.  No sessions were stopped.
2020-10-10 15:43:09 -Validating all active sessions...
2020-10-10 15:43:09 -Finished session validation.  No sessions were stopped.
2020-10-10 16:43:09 -Validating all active sessions...
2020-10-10 16:43:09 -Finished session validation.  No sessions were stopped.
2020-10-10 17:43:09 -Validating all active sessions...
2020-10-10 17:43:09 -Finished session validation.  No sessions were stopped.
2020-10-10 18:43:09 -Validating all active sessions...
2020-10-10 18:43:09 -Finished session validation.  No sessions were stopped.
2020-10-10 19:43:09 -Validating all active sessions...
2020-10-10 19:43:09 -Finished session validation.  No sessions were stopped.
2020-10-10 20:43:09 -Validating all active sessions...
2020-10-10 20:43:09 -Finished session validation.  No sessions were stopped.
2020-10-10 21:43:09 -Validating all active sessions...
2020-10-10 21:43:09 -Finished session validation.  No sessions were stopped.
2020-10-10 22:43:09 -Validating all active sessions...
2020-10-10 22:43:09 -Finished session validation.  No sessions were stopped.
2020-10-10 23:43:09 -Validating all active sessions...
2020-10-10 23:43:09 -Finished session validation.  No sessions were stopped.
